[INFO:2024-09-06 10:51:27,274][SCHEDULER] Jobs loaded correctly.
[INFO:2024-09-06 10:58:42,769][SCHEDULER] Jobs loaded correctly.
[INFO:2024-09-06 11:00:59,684][SCHEDULER] Jobs loaded correctly.
[INFO:2024-09-07 13:37:33,261][SCHEDULER] Jobs loaded correctly.
[INFO:2024-09-07 13:37:45,799][SCHEDULER] Jobs loaded correctly.
[INFO:2024-09-07 13:38:09,258][SCHEDULER] Jobs loaded correctly.
[INFO:2024-09-07 13:39:05,135][SCHEDULER] Jobs loaded correctly.
[INFO:2024-09-07 14:35:58,839][SCHEDULER] Jobs loaded correctly.
[INFO:2024-09-07 14:36:51,080][SCHEDULER] Jobs loaded correctly.
[INFO:2024-09-07 21:12:02,376][SCHEDULER] Jobs loaded correctly.
[INFO:2024-09-07 21:16:02,378][SCHEDULER] Jobs loaded correctly.
[INFO:2024-09-07 21:17:24,149][SCHEDULER] Jobs loaded correctly.
[INFO:2024-09-07 21:19:09,155][SCHEDULER] Jobs loaded correctly.
[INFO:2024-09-07 21:20:01,743][SCHEDULER] Jobs loaded correctly.
[INFO:2024-09-07 21:20:17,745][SCHEDULER] Jobs loaded correctly.
[INFO:2024-09-07 21:22:02,730][SCHEDULER] Jobs loaded correctly.
[INFO:2024-09-07 21:23:25,443][SCHEDULER] Jobs loaded correctly.
[INFO:2024-09-07 21:26:00,559][SCHEDULER] Jobs loaded correctly.
[INFO:2024-09-07 21:29:12,738][SCHEDULER] Jobs loaded correctly.
[INFO:2024-09-07 21:43:38,876][SCHEDULER] Jobs loaded correctly.
[INFO:2024-09-07 21:46:42,644][SCHEDULER] Jobs loaded correctly.
[INFO:2024-09-07 21:56:08,406][SCHEDULER] Jobs loaded correctly.
[INFO:2024-09-07 22:00:25,796][SCHEDULER] Jobs loaded correctly.
[INFO:2024-09-07 22:00:49,998][SCHEDULER] Jobs loaded correctly.
[INFO:2024-09-07 22:43:46,999][SCHEDULER] Jobs loaded correctly.
[INFO:2024-09-07 22:44:17,922][SCHEDULER] Jobs loaded correctly.
[INFO:2024-09-07 22:50:42,549][SCHEDULER] Jobs loaded correctly.
[INFO:2024-09-07 22:53:19,610][SCHEDULER] Jobs loaded correctly.
[INFO:2024-09-07 22:53:49,073][SCHEDULER] Jobs loaded correctly.
[INFO:2024-09-07 22:56:45,179][SCHEDULER] Jobs loaded correctly.
[INFO:2024-09-07 22:59:12,926][SCHEDULER] Jobs loaded correctly.
[INFO:2024-09-07 23:02:36,984][SCHEDULER] Jobs loaded correctly.
[INFO:2024-09-07 23:05:52,505][SCHEDULER] Jobs loaded correctly.
[INFO:2024-09-07 23:11:27,303][SCHEDULER] Jobs loaded correctly.
[INFO:2024-09-07 23:13:21,310][SCHEDULER] Jobs loaded correctly.
[INFO:2024-09-07 23:17:29,895][SCHEDULER] Jobs loaded correctly.
[INFO:2024-09-07 23:18:02,636][SCHEDULER] Jobs loaded correctly.
[INFO:2024-09-07 23:18:44,216][SCHEDULER] Jobs loaded correctly.
[INFO:2024-09-07 23:21:39,691][SCHEDULER] Jobs loaded correctly.
[INFO:2024-09-07 23:22:01,605][SCHEDULER] Jobs loaded correctly.
[INFO:2024-09-07 23:23:22,675][SCHEDULER] Jobs loaded correctly.
[INFO:2024-09-07 23:25:45,512][SCHEDULER] Jobs loaded correctly.
[INFO:2024-09-07 23:27:40,485][SCHEDULER] Jobs loaded correctly.
[INFO:2024-09-07 23:31:22,589][SCHEDULER] Jobs loaded correctly.
[INFO:2024-09-07 23:34:43,945][SCHEDULER] Jobs loaded correctly.
[INFO:2024-09-07 23:36:56,910][SCHEDULER] Jobs loaded correctly.
[INFO:2024-09-07 23:39:03,816][SCHEDULER] Jobs loaded correctly.
[INFO:2024-09-07 23:40:38,940][SCHEDULER] Jobs loaded correctly.
[INFO:2024-09-07 23:42:01,636][SCHEDULER] Jobs loaded correctly.
[INFO:2024-09-07 23:45:13,475][SCHEDULER] Jobs loaded correctly.
[INFO:2024-09-07 23:46:30,568][SCHEDULER] Jobs loaded correctly.
[INFO:2024-09-07 23:47:13,655][SCHEDULER] Jobs loaded correctly.
[INFO:2024-09-07 23:50:36,905][SCHEDULER] Jobs loaded correctly.
[INFO:2024-09-07 23:52:57,161][SCHEDULER] Jobs loaded correctly.
[INFO:2024-09-07 23:54:08,240][SCHEDULER] Jobs loaded correctly.
[INFO:2024-09-07 23:54:22,527][SCHEDULER] Jobs loaded correctly.
[INFO:2024-09-07 23:54:36,455][SCHEDULER] Jobs loaded correctly.
[INFO:2024-09-08 00:32:35,970][SCHEDULER] Jobs loaded correctly.
[INFO:2024-09-08 00:32:57,205][SCHEDULER] Jobs loaded correctly.
[INFO:2024-09-08 02:16:21,091][SCHEDULER] Jobs loaded correctly.
[INFO:2024-09-08 02:17:06,430][SCHEDULER] Jobs loaded correctly.
[INFO:2024-09-08 02:17:26,711][SCHEDULER] Jobs loaded correctly.
[INFO:2024-09-08 02:18:40,753][SCHEDULER] Jobs loaded correctly.
[INFO:2024-09-08 02:19:13,458][SCHEDULER] Jobs loaded correctly.
[INFO:2024-09-08 02:19:52,223][SCHEDULER] Jobs loaded correctly.
[INFO:2024-09-08 02:20:14,553][SCHEDULER] Jobs loaded correctly.
[INFO:2024-09-08 02:21:15,164][SCHEDULER] Jobs loaded correctly.
[INFO:2024-09-08 02:21:42,525][SCHEDULER] Jobs loaded correctly.
[INFO:2024-09-08 02:23:06,292][SCHEDULER] Jobs loaded correctly.
[INFO:2024-09-08 02:29:36,282][SCHEDULER] Jobs loaded correctly.
[INFO:2024-09-08 02:33:31,123][SCHEDULER] Jobs loaded correctly.
[INFO:2024-09-08 02:35:46,204][SCHEDULER] Jobs loaded correctly.
[INFO:2024-09-08 02:37:14,374][SCHEDULER] Jobs loaded correctly.
[INFO:2024-09-08 02:37:44,657][SCHEDULER] Jobs loaded correctly.
[INFO:2024-09-08 02:38:37,890][SCHEDULER] Jobs loaded correctly.
[INFO:2024-09-08 02:39:55,042][SCHEDULER] Jobs loaded correctly.
[INFO:2024-09-08 02:40:12,415][SCHEDULER] Jobs loaded correctly.
[INFO:2024-09-08 02:41:29,357][SCHEDULER] Jobs loaded correctly.
[INFO:2024-09-08 02:43:29,357][SCHEDULER] Jobs loaded correctly.
[INFO:2024-09-08 02:44:19,197][SCHEDULER] Jobs loaded correctly.
[INFO:2024-09-08 02:45:34,648][SCHEDULER] Jobs loaded correctly.
[INFO:2024-09-08 02:50:48,810][SCHEDULER] Jobs loaded correctly.
[INFO:2024-09-08 02:52:25,663][SCHEDULER] Jobs loaded correctly.
[INFO:2024-09-08 02:54:23,715][SCHEDULER] Jobs loaded correctly.
[INFO:2024-09-08 02:56:16,018][SCHEDULER] Jobs loaded correctly.
[INFO:2024-09-08 02:58:55,740][SCHEDULER] Jobs loaded correctly.
[INFO:2024-09-08 02:59:21,226][SCHEDULER] Jobs loaded correctly.
[INFO:2024-09-08 03:00:16,276][SCHEDULER] Jobs loaded correctly.
[INFO:2024-09-08 12:07:53,564][SCHEDULER] Jobs loaded correctly.
[INFO:2024-09-08 12:10:11,490][SCHEDULER] Jobs loaded correctly.
[INFO:2024-09-08 12:10:42,960][SCHEDULER] Jobs loaded correctly.
[INFO:2024-09-08 12:12:08,541][SCHEDULER] Jobs loaded correctly.
[INFO:2024-09-08 12:14:09,165][SCHEDULER] Jobs loaded correctly.
[INFO:2024-09-08 12:17:03,519][SCHEDULER] Jobs loaded correctly.
[INFO:2024-09-08 12:17:32,886][SCHEDULER] Jobs loaded correctly.
[INFO:2024-09-08 12:17:42,068][SCHEDULER] Add job "all" complete
[INFO:2024-09-08 12:17:42,077][SCHEDULER] Jobs loaded correctly.
[INFO:2024-09-08 12:20:43,899][SCHEDULER] Jobs loaded correctly.
[INFO:2024-09-08 12:54:03,194][SCHEDULER] Jobs loaded correctly.
[INFO:2024-09-08 12:54:18,900][SCHEDULER] Add job "all" complete
[INFO:2024-09-08 12:54:18,909][SCHEDULER] Jobs loaded correctly.
[INFO:2024-09-08 12:56:44,501][SCHEDULER] Jobs loaded correctly.
[INFO:2024-09-08 12:57:00,937][SCHEDULER] Add job "all" complete
[INFO:2024-09-08 12:57:00,945][SCHEDULER] Jobs loaded correctly.
[INFO:2024-09-08 12:57:41,893][SCHEDULER] Add job "all" complete
[INFO:2024-09-08 12:57:41,895][SCHEDULER] Jobs loaded correctly.
[INFO:2024-09-08 14:46:44,351][SCHEDULER] Jobs loaded correctly.
[INFO:2024-09-08 14:47:46,815][SCHEDULER] Jobs loaded correctly.
[INFO:2024-09-08 14:48:43,448][SCHEDULER] Jobs loaded correctly.
[INFO:2024-09-08 14:58:53,381][SCHEDULER] Jobs loaded correctly.
[INFO:2024-09-08 16:05:03,861][SCHEDULER] Jobs loaded correctly.
[INFO:2024-09-08 16:10:43,814][SCHEDULER] Jobs loaded correctly.
[INFO:2024-09-08 16:21:20,859][SCHEDULER] Jobs loaded correctly.
[INFO:2024-09-08 16:22:12,605][SCHEDULER] Jobs loaded correctly.
[INFO:2024-09-08 16:23:56,535][SCHEDULER] Jobs loaded correctly.
[INFO:2024-09-08 16:25:44,569][SCHEDULER] Jobs loaded correctly.
[INFO:2024-09-08 16:55:54,779][SCHEDULER] Jobs loaded correctly.
[INFO:2024-09-08 16:56:35,672][SCHEDULER] Jobs loaded correctly.
[INFO:2024-09-08 16:58:00,249][SCHEDULER] Jobs loaded correctly.
[ERROR:2024-09-08 16:59:37,497][DATABASE] ОШИБКА:  неверный синтаксис для типа numeric: "*user_id*"
LINE 1: INSERT INTO white_list (user_id) VALUES ('*user_id*')
                                                 ^

[ERROR:2024-09-08 16:59:44,003][DATABASE] ОШИБКА:  неверный синтаксис для типа numeric: "f"
LINE 1: INSERT INTO white_list (user_id) VALUES ('f')
                                                 ^

[INFO:2024-09-08 17:12:34,709][SCHEDULER] Jobs loaded correctly.
[INFO:2024-09-08 17:24:01,408][SCHEDULER] Jobs loaded correctly.
[INFO:2024-09-08 18:49:20,042][SCHEDULER] Jobs loaded correctly.
[INFO:2024-09-08 19:05:38,638][SCHEDULER] Jobs loaded correctly.
[INFO:2024-09-08 19:06:24,774][SCHEDULER] Jobs loaded correctly.
[INFO:2024-09-08 20:14:16,523][SCHEDULER] Jobs loaded correctly.
[INFO:2024-09-08 20:27:20,916][SCHEDULER] Jobs loaded correctly.
[INFO:2024-09-08 20:27:48,710][SCHEDULER] Jobs loaded correctly.
[INFO:2024-09-08 20:41:32,969][SCHEDULER] Jobs loaded correctly.
[INFO:2024-09-08 20:43:39,985][SCHEDULER] Jobs loaded correctly.
[INFO:2024-09-08 20:47:07,788][SCHEDULER] Jobs loaded correctly.
[INFO:2024-09-08 20:47:43,346][SCHEDULER] Jobs loaded correctly.
[INFO:2024-09-08 21:00:47,686][SCHEDULER] Jobs loaded correctly.
[INFO:2024-09-08 21:03:29,010][SCHEDULER] Jobs loaded correctly.
[INFO:2024-09-08 21:09:49,258][SCHEDULER] Jobs loaded correctly.
[INFO:2024-09-08 21:10:06,558][SCHEDULER] Jobs loaded correctly.
[INFO:2024-09-08 21:11:29,861][SCHEDULER] Jobs loaded correctly.
[INFO:2024-09-08 21:13:26,569][SCHEDULER] Jobs loaded correctly.
[INFO:2024-09-08 21:22:52,461][SCHEDULER] Add job "all" complete
[INFO:2024-09-08 21:22:52,467][SCHEDULER] Jobs loaded correctly.
[INFO:2024-09-08 21:32:47,562][SCHEDULER] Jobs loaded correctly.
[INFO:2024-09-08 21:34:01,429][SCHEDULER] Jobs loaded correctly.
[INFO:2024-09-08 21:37:26,878][SCHEDULER] Jobs loaded correctly.
[INFO:2024-09-08 21:39:51,852][SCHEDULER] Jobs loaded correctly.
[INFO:2024-09-08 21:40:01,109][SCHEDULER] Jobs loaded correctly.
[INFO:2024-09-08 21:46:21,086][SCHEDULER] Jobs loaded correctly.
[INFO:2024-09-08 21:52:00,061][SCHEDULER] Jobs loaded correctly.
[INFO:2024-09-08 21:53:15,024][SCHEDULER] Add job "all" complete
[INFO:2024-09-08 21:53:15,028][SCHEDULER] Jobs loaded correctly.
[INFO:2024-09-08 21:56:30,577][SCHEDULER] Jobs loaded correctly.
[INFO:2024-09-08 22:59:43,426][SCHEDULER] Jobs loaded correctly.
[INFO:2024-09-08 23:45:00,605][SCHEDULER] Jobs loaded correctly.
[INFO:2024-09-08 23:48:37,954][SCHEDULER] Jobs loaded correctly.
[INFO:2024-09-09 00:02:31,857][SCHEDULER] Jobs loaded correctly.
[INFO:2024-09-09 00:02:55,975][SCHEDULER] Jobs loaded correctly.
[INFO:2024-09-09 00:03:09,530][SCHEDULER] Jobs loaded correctly.
[INFO:2024-09-09 00:09:35,385][SCHEDULER] Jobs loaded correctly.
[INFO:2024-09-09 00:11:04,283][SCHEDULER] Jobs loaded correctly.
